#
# A fatal error has been detected by the Java Runtime Environment:
#
#  EXCEPTION_PRIV_INSTRUCTION (0xc0000096) at pc=0x00000217083d8d37, pid=21304, tid=8580
#
# JRE version: Java(TM) SE Runtime Environment 18.9 (11.0.11+9) (build 11.0.11+9-LTS-194)
# Java VM: Java HotSpot(TM) 64-Bit Server VM 18.9 (11.0.11+9-LTS-194, mixed mode, tiered, compressed oops, g1 gc, windows-amd64)
# Problematic frame:
# j  com.company.JukeBox.main([Ljava/lang/String;)V+225
#
# No core dump will be written. Minidumps are not enabled by default on client versions of Windows
#
# If you would like to submit a bug report, please visit:
#   https://bugreport.java.com/bugreport/crash.jsp
#

---------------  S U M M A R Y ------------

Command Line: -agentlib:jdwp=transport=dt_socket,address=127.0.0.1:64990,suspend=y,server=n -javaagent:C:\Users\Sofia\AppData\Local\JetBrains\IdeaIC2021.2\captureAgent\debugger-agent.jar -Dfile.encoding=UTF-8 com.company.JukeBox

Host: Intel(R) Core(TM) i5-10210U CPU @ 1.60GHz, 8 cores, 7G,  Windows 10 , 64 bit Build 19041 (10.0.19041.1202)
Time: Fri Oct  8 15:38:51 2021 India Standard Time elapsed time: 14556.510140 seconds (0d 4h 2m 36s)

---------------  T H R E A D  ---------------

Current thread (0x0000021779eb7800):  JavaThread "main" [_thread_in_Java, id=8580, stack(0x0000007364c00000,0x0000007364d00000)]

Stack: [0x0000007364c00000,0x0000007364d00000],  sp=0x0000007364cff040,  free space=1020k
Native frames: (J=compiled Java code, j=interpreted, Vv=VM code, C=native code)
C  0x00000217083d8d37


siginfo: EXCEPTION_PRIV_INSTRUCTION (0xc0000096)


Register to memory mapping:

RIP=0x00000217083d8d37 is at code_begin+55 in an Interpreter codelet
error exits  [0x00000217083d8d00, 0x00000217083d8d40]  64 bytes
RAX=0x0 is NULL
RBX=0x000000000000009a is an unknown value
RCX=0x0 is NULL
RDX=0x0 is NULL
RSP=0x0000007364cff040 is pointing into the stack for thread: 0x0000021779eb7800
RBP=0x0000007364cff0a0 is pointing into the stack for thread: 0x0000021779eb7800
RSI=0x0 is NULL
RDI=0x00000217083dccb9 is at code_begin+7545 in an Interpreter codelet
invoke return entry points  [0x00000217083daf40, 0x00000217083dcfe0]  8352 bytes
R8 =0x0000000000000061 is an unknown value
R9 =0x0000000000000061 is an unknown value
R10=0x0 is NULL
R11=0x0000000000000061 is an unknown value
R12=0x0 is NULL
R13=0x0000021719963136 is pointing into metadata
R14=0x0000007364cff100 is pointing into the stack for thread: 0x0000021779eb7800
R15=0x0000021779eb7800 is a thread


Registers:
RAX=0x0000000000000000, RBX=0x000000000000009a, RCX=0x0000000000000000, RDX=0x0000000000000000
RSP=0x0000007364cff040, RBP=0x0000007364cff0a0, RSI=0x0000000000000000, RDI=0x00000217083dccb9
R8 =0x0000000000000061, R9 =0x0000000000000061, R10=0x0000000000000000, R11=0x0000000000000061
R12=0x0000000000000000, R13=0x0000021719963136, R14=0x0000007364cff100, R15=0x0000021779eb7800
RIP=0x00000217083d8d37, EFLAGS=0x0000000000010206

Top of Stack: (sp=0x0000007364cff040)
0x0000007364cff040:   000000008cc7e108 000000000000009a
0x0000007364cff050:   0000007364cff0a0 0000000000000000
0x0000007364cff060:   0000021719963131 0000007364cff100
0x0000007364cff070:   0000021719963478 0000000000000000
0x0000007364cff080:   000000008cc415e8 00000217199633a8
0x0000007364cff090:   0000000000000000 0000007364cff100
0x0000007364cff0a0:   0000007364cff2e0 00000217083d0e10
0x0000007364cff0b0:   0000000000000000 0000000000000000
0x0000007364cff0c0:   000000008cc415d0 000000008cc41740
0x0000007364cff0d0:   0000000000000000 0000000000000001
0x0000007364cff0e0:   000000008cc41728 000000008cc41710
0x0000007364cff0f0:   000000008e0290c8 000000008cc41668
0x0000007364cff100:   000000008cc41658 0000000000000035
0x0000007364cff110:   0000021779f850b0 00007ffd222a1782
0x0000007364cff120:   00000001000888c0 0000021702000002
0x0000007364cff130:   00000001000888c0 0000000000000000 

Instructions: (pc=0x00000217083d8d37)
0x00000217083d8d17:   00 41 ff d2 f4 48 b9 88 dc 88 22 fd 7f 00 00 48
0x00000217083d8d27:   83 e4 f0 49 ba c0 4f 53 22 fd 7f 00 00 41 ff d2
0x00000217083d8d37:   f4 00 00 00 00 00 00 00 00 e0 21 00 00 00 00 00
0x00000217083d8d47:   00 b8 dc 88 22 fd 7f 00 00 ff ff ff ff 00 00 00 


Stack slot to memory mapping:
stack at sp + 0 slots: 0x000000008cc7e108 is an oop: java.io.PrintStream 
{0x000000008cc7e108} - klass: 'java/io/PrintStream'
stack at sp + 1 slots: 0x000000000000009a is an unknown value
stack at sp + 2 slots: 0x0000007364cff0a0 is pointing into the stack for thread: 0x0000021779eb7800
stack at sp + 3 slots: 0x0 is NULL
stack at sp + 4 slots: 0x0000021719963131 is pointing into metadata
stack at sp + 5 slots: 0x0000007364cff100 is pointing into the stack for thread: 0x0000021779eb7800
stack at sp + 6 slots: 0x0000021719963478 is pointing into metadata
stack at sp + 7 slots: 0x0 is NULL

error exits  [0x00000217083d8d00, 0x00000217083d8d40]  64 bytes

---------------  P R O C E S S  ---------------

Threads class SMR info:
_java_thread_list=0x000002171a48c060, length=13, elements={
0x0000021779eb7800, 0x000002177fc3d000, 0x000002177fc66800, 0x0000021719c12800,
0x000002177fc74000, 0x000002177fc75000, 0x000002177fc7f800, 0x000002177fc83800,
0x000002177fbf6800, 0x0000021719cec800, 0x0000021719f49800, 0x000002171a1b3000,
0x0000021719e41800
}

Java Threads: ( => current thread )
=>0x0000021779eb7800 JavaThread "main" [_thread_in_Java, id=8580, stack(0x0000007364c00000,0x0000007364d00000)]
  0x000002177fc3d000 JavaThread "Reference Handler" daemon [_thread_blocked, id=19324, stack(0x0000007365300000,0x0000007365400000)]
  0x000002177fc66800 JavaThread "Finalizer" daemon [_thread_blocked, id=23980, stack(0x0000007365400000,0x0000007365500000)]
  0x0000021719c12800 JavaThread "Signal Dispatcher" daemon [_thread_blocked, id=15644, stack(0x0000007365500000,0x0000007365600000)]
  0x000002177fc74000 JavaThread "Attach Listener" daemon [_thread_blocked, id=6712, stack(0x0000007365600000,0x0000007365700000)]
  0x000002177fc75000 JavaThread "C2 CompilerThread0" daemon [_thread_blocked, id=19216, stack(0x0000007365700000,0x0000007365800000)]
  0x000002177fc7f800 JavaThread "C1 CompilerThread0" daemon [_thread_blocked, id=3804, stack(0x0000007365800000,0x0000007365900000)]
  0x000002177fc83800 JavaThread "Sweeper thread" daemon [_thread_blocked, id=16980, stack(0x0000007365900000,0x0000007365a00000)]
  0x000002177fbf6800 JavaThread "Common-Cleaner" daemon [_thread_blocked, id=23312, stack(0x0000007365a00000,0x0000007365b00000)]
  0x0000021719cec800 JavaThread "JDWP Event Helper Thread" daemon [_thread_blocked, id=17576, stack(0x0000007365d00000,0x0000007365e00000)]
  0x0000021719f49800 JavaThread "Service Thread" daemon [_thread_blocked, id=2256, stack(0x0000007365f00000,0x0000007366000000)]
  0x000002171a1b3000 JavaThread "mysql-cj-abandoned-connection-cleanup" daemon [_thread_blocked, id=22920, stack(0x0000007365b00000,0x0000007365c00000)]
  0x0000021719e41800 JavaThread "SIGINT handler" daemon [_thread_blocked, id=15908, stack(0x0000007364900000,0x0000007364a00000)]

Other Threads:
  0x000002177fc3a000 VMThread "VM Thread" [stack: 0x0000007365200000,0x0000007365300000] [id=15348]
  0x0000021719eff000 WatcherThread [stack: 0x0000007366000000,0x0000007366100000] [id=8016]
  0x0000021779ecc800 GCTaskThread "GC Thread#0" [stack: 0x0000007364d00000,0x0000007364e00000] [id=15676]
  0x000002171a402800 GCTaskThread "GC Thread#1" [stack: 0x0000007366300000,0x0000007366400000] [id=22904]
  0x0000021779f00800 ConcurrentGCThread "G1 Main Marker" [stack: 0x0000007364e00000,0x0000007364f00000] [id=18344]
  0x0000021779f02000 ConcurrentGCThread "G1 Conc#0" [stack: 0x0000007364f00000,0x0000007365000000] [id=21764]
  0x0000021779f90000 ConcurrentGCThread "G1 Refine#0" [stack: 0x0000007365000000,0x0000007365100000] [id=11596]
  0x0000021779f91000 ConcurrentGCThread "G1 Young RemSet Sampling" [stack: 0x0000007365100000,0x0000007365200000] [id=11584]

Threads with active compile tasks:

VM state:not at safepoint (normal execution)

VM Mutex/Monitor currently owned by a thread: None

Heap address: 0x0000000086c00000, size: 1940 MB, Compressed Oops mode: 32-bit
Narrow klass base: 0x0000000000000000, Narrow klass shift: 3
Compressed class space size: 1073741824 Address: 0x0000000100000000

Heap:
 garbage-first heap   total 124928K, used 11518K [0x0000000086c00000, 0x0000000100000000)
  region size 1024K, 11 young (11264K), 3 survivors (3072K)
 Metaspace       used 18473K, capacity 18797K, committed 19072K, reserved 1067008K
  class space    used 1797K, capacity 1900K, committed 1920K, reserved 1048576K
Heap Regions: E=young(eden), S=young(survivor), O=old, HS=humongous(starts), HC=humongous(continues), CS=collection set, F=free, A=archive, TAMS=top-at-mark-start (previous, next)
|   0|0x0000000086c00000, 0x0000000086d00000, 0x0000000086d00000|100%| O|  |TAMS 0x0000000086c00000, 0x0000000086c00000| Untracked 
|   1|0x0000000086d00000, 0x0000000086d3f800, 0x0000000086e00000| 24%| O|  |TAMS 0x0000000086d00000, 0x0000000086d00000| Untracked 
|   2|0x0000000086e00000, 0x0000000086e00000, 0x0000000086f00000|  0%| F|  |TAMS 0x0000000086e00000, 0x0000000086e00000| Untracked 
|   3|0x0000000086f00000, 0x0000000086f00000, 0x0000000087000000|  0%| F|  |TAMS 0x0000000086f00000, 0x0000000086f00000| Untracked 
|   4|0x0000000087000000, 0x0000000087000000, 0x0000000087100000|  0%| F|  |TAMS 0x0000000087000000, 0x0000000087000000| Untracked 
|   5|0x0000000087100000, 0x0000000087100000, 0x0000000087200000|  0%| F|  |TAMS 0x0000000087100000, 0x0000000087100000| Untracked 
|   6|0x0000000087200000, 0x0000000087200000, 0x0000000087300000|  0%| F|  |TAMS 0x0000000087200000, 0x0000000087200000| Untracked 
|   7|0x0000000087300000, 0x0000000087300000, 0x0000000087400000|  0%| F|  |TAMS 0x0000000087300000, 0x0000000087300000| Untracked 
|   8|0x0000000087400000, 0x0000000087400000, 0x0000000087500000|  0%| F|  |TAMS 0x0000000087400000, 0x0000000087400000| Untracked 
|   9|0x0000000087500000, 0x0000000087500000, 0x0000000087600000|  0%| F|  |TAMS 0x0000000087500000, 0x0000000087500000| Untracked 
|  10|0x0000000087600000, 0x0000000087600000, 0x0000000087700000|  0%| F|  |TAMS 0x0000000087600000, 0x0000000087600000| Untracked 
|  11|0x0000000087700000, 0x0000000087700000, 0x0000000087800000|  0%| F|  |TAMS 0x0000000087700000, 0x0000000087700000| Untracked 
|  12|0x0000000087800000, 0x0000000087800000, 0x0000000087900000|  0%| F|  |TAMS 0x0000000087800000, 0x0000000087800000| Untracked 
|  13|0x0000000087900000, 0x0000000087900000, 0x0000000087a00000|  0%| F|  |TAMS 0x0000000087900000, 0x0000000087900000| Untracked 
|  14|0x0000000087a00000, 0x0000000087a00000, 0x0000000087b00000|  0%| F|  |TAMS 0x0000000087a00000, 0x0000000087a00000| Untracked 
|  15|0x0000000087b00000, 0x0000000087b00000, 0x0000000087c00000|  0%| F|  |TAMS 0x0000000087b00000, 0x0000000087b00000| Untracked 
|  16|0x0000000087c00000, 0x0000000087c00000, 0x0000000087d00000|  0%| F|  |TAMS 0x0000000087c00000, 0x0000000087c00000| Untracked 
|  17|0x0000000087d00000, 0x0000000087d00000, 0x0000000087e00000|  0%| F|  |TAMS 0x0000000087d00000, 0x0000000087d00000| Untracked 
|  18|0x0000000087e00000, 0x0000000087e00000, 0x0000000087f00000|  0%| F|  |TAMS 0x0000000087e00000, 0x0000000087e00000| Untracked 
|  19|0x0000000087f00000, 0x0000000087f00000, 0x0000000088000000|  0%| F|  |TAMS 0x0000000087f00000, 0x0000000087f00000| Untracked 
|  20|0x0000000088000000, 0x0000000088000000, 0x0000000088100000|  0%| F|  |TAMS 0x0000000088000000, 0x0000000088000000| Untracked 
|  21|0x0000000088100000, 0x0000000088100000, 0x0000000088200000|  0%| F|  |TAMS 0x0000000088100000, 0x0000000088100000| Untracked 
|  22|0x0000000088200000, 0x0000000088200000, 0x0000000088300000|  0%| F|  |TAMS 0x0000000088200000, 0x0000000088200000| Untracked 
|  23|0x0000000088300000, 0x0000000088300000, 0x0000000088400000|  0%| F|  |TAMS 0x0000000088300000, 0x0000000088300000| Untracked 
|  24|0x0000000088400000, 0x0000000088400000, 0x0000000088500000|  0%| F|  |TAMS 0x0000000088400000, 0x0000000088400000| Untracked 
|  25|0x0000000088500000, 0x0000000088500000, 0x0000000088600000|  0%| F|  |TAMS 0x0000000088500000, 0x0000000088500000| Untracked 
|  26|0x0000000088600000, 0x0000000088600000, 0x0000000088700000|  0%| F|  |TAMS 0x0000000088600000, 0x0000000088600000| Untracked 
|  27|0x0000000088700000, 0x0000000088700000, 0x0000000088800000|  0%| F|  |TAMS 0x0000000088700000, 0x0000000088700000| Untracked 
|  28|0x0000000088800000, 0x0000000088800000, 0x0000000088900000|  0%| F|  |TAMS 0x0000000088800000, 0x0000000088800000| Untracked 
|  29|0x0000000088900000, 0x0000000088900000, 0x0000000088a00000|  0%| F|  |TAMS 0x0000000088900000, 0x0000000088900000| Untracked 
|  30|0x0000000088a00000, 0x0000000088a00000, 0x0000000088b00000|  0%| F|  |TAMS 0x0000000088a00000, 0x0000000088a00000| Untracked 
|  31|0x0000000088b00000, 0x0000000088b00000, 0x0000000088c00000|  0%| F|  |TAMS 0x0000000088b00000, 0x0000000088b00000| Untracked 
|  32|0x0000000088c00000, 0x0000000088c00000, 0x0000000088d00000|  0%| F|  |TAMS 0x0000000088c00000, 0x0000000088c00000| Untracked 
|  33|0x0000000088d00000, 0x0000000088d00000, 0x0000000088e00000|  0%| F|  |TAMS 0x0000000088d00000, 0x0000000088d00000| Untracked 
|  34|0x0000000088e00000, 0x0000000088e00000, 0x0000000088f00000|  0%| F|  |TAMS 0x0000000088e00000, 0x0000000088e00000| Untracked 
|  35|0x0000000088f00000, 0x0000000088f00000, 0x0000000089000000|  0%| F|  |TAMS 0x0000000088f00000, 0x0000000088f00000| Untracked 
|  36|0x0000000089000000, 0x0000000089000000, 0x0000000089100000|  0%| F|  |TAMS 0x0000000089000000, 0x0000000089000000| Untracked 
|  37|0x0000000089100000, 0x0000000089100000, 0x0000000089200000|  0%| F|  |TAMS 0x0000000089100000, 0x0000000089100000| Untracked 
|  38|0x0000000089200000, 0x0000000089200000, 0x0000000089300000|  0%| F|  |TAMS 0x0000000089200000, 0x0000000089200000| Untracked 
|  39|0x0000000089300000, 0x0000000089300000, 0x0000000089400000|  0%| F|  |TAMS 0x0000000089300000, 0x0000000089300000| Untracked 
|  40|0x0000000089400000, 0x0000000089400000, 0x0000000089500000|  0%| F|  |TAMS 0x0000000089400000, 0x0000000089400000| Untracked 
|  41|0x0000000089500000, 0x0000000089500000, 0x0000000089600000|  0%| F|  |TAMS 0x0000000089500000, 0x0000000089500000| Untracked 
|  42|0x0000000089600000, 0x0000000089600000, 0x0000000089700000|  0%| F|  |TAMS 0x0000000089600000, 0x0000000089600000| Untracked 
|  43|0x0000000089700000, 0x0000000089700000, 0x0000000089800000|  0%| F|  |TAMS 0x0000000089700000, 0x0000000089700000| Untracked 
|  44|0x0000000089800000, 0x0000000089800000, 0x0000000089900000|  0%| F|  |TAMS 0x0000000089800000, 0x0000000089800000| Untracked 
|  45|0x0000000089900000, 0x0000000089900000, 0x0000000089a00000|  0%| F|  |TAMS 0x0000000089900000, 0x0000000089900000| Untracked 
|  46|0x0000000089a00000, 0x0000000089a00000, 0x0000000089b00000|  0%| F|  |TAMS 0x0000000089a00000, 0x0000000089a00000| Untracked 
|  47|0x0000000089b00000, 0x0000000089b00000, 0x0000000089c00000|  0%| F|  |TAMS 0x0000000089b00000, 0x0000000089b00000| Untracked 
|  48|0x0000000089c00000, 0x0000000089c00000, 0x0000000089d00000|  0%| F|  |TAMS 0x0000000089c00000, 0x0000000089c00000| Untracked 
|  49|0x0000000089d00000, 0x0000000089d00000, 0x0000000089e00000|  0%| F|  |TAMS 0x0000000089d00000, 0x0000000089d00000| Untracked 
|  50|0x0000000089e00000, 0x0000000089e00000, 0x0000000089f00000|  0%| F|  |TAMS 0x0000000089e00000, 0x0000000089e00000| Untracked 
|  51|0x0000000089f00000, 0x0000000089f00000, 0x000000008a000000|  0%| F|  |TAMS 0x0000000089f00000, 0x0000000089f00000| Untracked 
|  52|0x000000008a000000, 0x000000008a000000, 0x000000008a100000|  0%| F|  |TAMS 0x000000008a000000, 0x000000008a000000| Untracked 
|  53|0x000000008a100000, 0x000000008a100000, 0x000000008a200000|  0%| F|  |TAMS 0x000000008a100000, 0x000000008a100000| Untracked 
|  54|0x000000008a200000, 0x000000008a200000, 0x000000008a300000|  0%| F|  |TAMS 0x000000008a200000, 0x000000008a200000| Untracked 
|  55|0x000000008a300000, 0x000000008a300000, 0x000000008a400000|  0%| F|  |TAMS 0x000000008a300000, 0x000000008a300000| Untracked 
|  56|0x000000008a400000, 0x000000008a400000, 0x000000008a500000|  0%| F|  |TAMS 0x000000008a400000, 0x000000008a400000| Untracked 
|  57|0x000000008a500000, 0x000000008a500000, 0x000000008a600000|  0%| F|  |TAMS 0x000000008a500000, 0x000000008a500000| Untracked 
|  58|0x000000008a600000, 0x000000008a600000, 0x000000008a700000|  0%| F|  |TAMS 0x000000008a600000, 0x000000008a600000| Untracked 
|  59|0x000000008a700000, 0x000000008a700000, 0x000000008a800000|  0%| F|  |TAMS 0x000000008a700000, 0x000000008a700000| Untracked 
|  60|0x000000008a800000, 0x000000008a800000, 0x000000008a900000|  0%| F|  |TAMS 0x000000008a800000, 0x000000008a800000| Untracked 
|  61|0x000000008a900000, 0x000000008a900000, 0x000000008aa00000|  0%| F|  |TAMS 0x000000008a900000, 0x000000008a900000| Untracked 
|  62|0x000000008aa00000, 0x000000008aa00000, 0x000000008ab00000|  0%| F|  |TAMS 0x000000008aa00000, 0x000000008aa00000| Untracked 
|  63|0x000000008ab00000, 0x000000008ab00000, 0x000000008ac00000|  0%| F|  |TAMS 0x000000008ab00000, 0x000000008ab00000| Untracked 
|  64|0x000000008ac00000, 0x000000008ac00000, 0x000000008ad00000|  0%| F|  |TAMS 0x000000008ac00000, 0x000000008ac00000| Untracked 
|  65|0x000000008ad00000, 0x000000008ad00000, 0x000000008ae00000|  0%| F|  |TAMS 0x000000008ad00000, 0x000000008ad00000| Untracked 
|  66|0x000000008ae00000, 0x000000008ae00000, 0x000000008af00000|  0%| F|  |TAMS 0x000000008ae00000, 0x000000008ae00000| Untracked 
|  67|0x000000008af00000, 0x000000008af00000, 0x000000008b000000|  0%| F|  |TAMS 0x000000008af00000, 0x000000008af00000| Untracked 
|  68|0x000000008b000000, 0x000000008b000000, 0x000000008b100000|  0%| F|  |TAMS 0x000000008b000000, 0x000000008b000000| Untracked 
|  69|0x000000008b100000, 0x000000008b100000, 0x000000008b200000|  0%| F|  |TAMS 0x000000008b100000, 0x000000008b100000| Untracked 
|  70|0x000000008b200000, 0x000000008b200000, 0x000000008b300000|  0%| F|  |TAMS 0x000000008b200000, 0x000000008b200000| Untracked 
|  71|0x000000008b300000, 0x000000008b300000, 0x000000008b400000|  0%| F|  |TAMS 0x000000008b300000, 0x000000008b300000| Untracked 
|  72|0x000000008b400000, 0x000000008b400000, 0x000000008b500000|  0%| F|  |TAMS 0x000000008b400000, 0x000000008b400000| Untracked 
|  73|0x000000008b500000, 0x000000008b500000, 0x000000008b600000|  0%| F|  |TAMS 0x000000008b500000, 0x000000008b500000| Untracked 
|  74|0x000000008b600000, 0x000000008b600000, 0x000000008b700000|  0%| F|  |TAMS 0x000000008b600000, 0x000000008b600000| Untracked 
|  75|0x000000008b700000, 0x000000008b700000, 0x000000008b800000|  0%| F|  |TAMS 0x000000008b700000, 0x000000008b700000| Untracked 
|  76|0x000000008b800000, 0x000000008b800000, 0x000000008b900000|  0%| F|  |TAMS 0x000000008b800000, 0x000000008b800000| Untracked 
|  77|0x000000008b900000, 0x000000008b900000, 0x000000008ba00000|  0%| F|  |TAMS 0x000000008b900000, 0x000000008b900000| Untracked 
|  78|0x000000008ba00000, 0x000000008ba00000, 0x000000008bb00000|  0%| F|  |TAMS 0x000000008ba00000, 0x000000008ba00000| Untracked 
|  79|0x000000008bb00000, 0x000000008bb00000, 0x000000008bc00000|  0%| F|  |TAMS 0x000000008bb00000, 0x000000008bb00000| Untracked 
|  80|0x000000008bc00000, 0x000000008bc00000, 0x000000008bd00000|  0%| F|  |TAMS 0x000000008bc00000, 0x000000008bc00000| Untracked 
|  81|0x000000008bd00000, 0x000000008bd00000, 0x000000008be00000|  0%| F|  |TAMS 0x000000008bd00000, 0x000000008bd00000| Untracked 
|  82|0x000000008be00000, 0x000000008be00000, 0x000000008bf00000|  0%| F|  |TAMS 0x000000008be00000, 0x000000008be00000| Untracked 
|  83|0x000000008bf00000, 0x000000008bf00000, 0x000000008c000000|  0%| F|  |TAMS 0x000000008bf00000, 0x000000008bf00000| Untracked 
|  84|0x000000008c000000, 0x000000008c000000, 0x000000008c100000|  0%| F|  |TAMS 0x000000008c000000, 0x000000008c000000| Untracked 
|  85|0x000000008c100000, 0x000000008c100000, 0x000000008c200000|  0%| F|  |TAMS 0x000000008c100000, 0x000000008c100000| Untracked 
|  86|0x000000008c200000, 0x000000008c200000, 0x000000008c300000|  0%| F|  |TAMS 0x000000008c200000, 0x000000008c200000| Untracked 
|  87|0x000000008c300000, 0x000000008c300000, 0x000000008c400000|  0%| F|  |TAMS 0x000000008c300000, 0x000000008c300000| Untracked 
|  88|0x000000008c400000, 0x000000008c400000, 0x000000008c500000|  0%| F|  |TAMS 0x000000008c400000, 0x000000008c400000| Untracked 
|  89|0x000000008c500000, 0x000000008c500000, 0x000000008c600000|  0%| F|  |TAMS 0x000000008c500000, 0x000000008c500000| Untracked 
|  90|0x000000008c600000, 0x000000008c600000, 0x000000008c700000|  0%| F|  |TAMS 0x000000008c600000, 0x000000008c600000| Untracked 
|  91|0x000000008c700000, 0x000000008c700000, 0x000000008c800000|  0%| F|  |TAMS 0x000000008c700000, 0x000000008c700000| Untracked 
|  92|0x000000008c800000, 0x000000008c800000, 0x000000008c900000|  0%| F|  |TAMS 0x000000008c800000, 0x000000008c800000| Untracked 
|  93|0x000000008c900000, 0x000000008c900000, 0x000000008ca00000|  0%| F|  |TAMS 0x000000008c900000, 0x000000008c900000| Untracked 
|  94|0x000000008ca00000, 0x000000008ca00000, 0x000000008cb00000|  0%| F|  |TAMS 0x000000008ca00000, 0x000000008ca00000| Untracked 
|  95|0x000000008cb00000, 0x000000008cc00000, 0x000000008cc00000|100%| S|CS|TAMS 0x000000008cb00000, 0x000000008cb00000| Complete 
|  96|0x000000008cc00000, 0x000000008cd00000, 0x000000008cd00000|100%| S|CS|TAMS 0x000000008cc00000, 0x000000008cc00000| Complete 
|  97|0x000000008cd00000, 0x000000008ce00000, 0x000000008ce00000|100%| S|CS|TAMS 0x000000008cd00000, 0x000000008cd00000| Complete 
|  98|0x000000008ce00000, 0x000000008ce00000, 0x000000008cf00000|  0%| F|  |TAMS 0x000000008ce00000, 0x000000008ce00000| Untracked 
|  99|0x000000008cf00000, 0x000000008cf00000, 0x000000008d000000|  0%| F|  |TAMS 0x000000008cf00000, 0x000000008cf00000| Untracked 
| 100|0x000000008d000000, 0x000000008d000000, 0x000000008d100000|  0%| F|  |TAMS 0x000000008d000000, 0x000000008d000000| Untracked 
| 101|0x000000008d100000, 0x000000008d100000, 0x000000008d200000|  0%| F|  |TAMS 0x000000008d100000, 0x000000008d100000| Untracked 
| 102|0x000000008d200000, 0x000000008d200000, 0x000000008d300000|  0%| F|  |TAMS 0x000000008d200000, 0x000000008d200000| Untracked 
| 103|0x000000008d300000, 0x000000008d300000, 0x000000008d400000|  0%| F|  |TAMS 0x000000008d300000, 0x000000008d300000| Untracked 
| 104|0x000000008d400000, 0x000000008d400000, 0x000000008d500000|  0%| F|  |TAMS 0x000000008d400000, 0x000000008d400000| Untracked 
| 105|0x000000008d500000, 0x000000008d500000, 0x000000008d600000|  0%| F|  |TAMS 0x000000008d500000, 0x000000008d500000| Untracked 
| 106|0x000000008d600000, 0x000000008d600000, 0x000000008d700000|  0%| F|  |TAMS 0x000000008d600000, 0x000000008d600000| Untracked 
| 107|0x000000008d700000, 0x000000008d700000, 0x000000008d800000|  0%| F|  |TAMS 0x000000008d700000, 0x000000008d700000| Untracked 
| 108|0x000000008d800000, 0x000000008d800000, 0x000000008d900000|  0%| F|  |TAMS 0x000000008d800000, 0x000000008d800000| Untracked 
| 109|0x000000008d900000, 0x000000008d900000, 0x000000008da00000|  0%| F|  |TAMS 0x000000008d900000, 0x000000008d900000| Untracked 
| 110|0x000000008da00000, 0x000000008da00000, 0x000000008db00000|  0%| F|  |TAMS 0x000000008da00000, 0x000000008da00000| Untracked 
| 111|0x000000008db00000, 0x000000008db00000, 0x000000008dc00000|  0%| F|  |TAMS 0x000000008db00000, 0x000000008db00000| Untracked 
| 112|0x000000008dc00000, 0x000000008dc00000, 0x000000008dd00000|  0%| F|  |TAMS 0x000000008dc00000, 0x000000008dc00000| Untracked 
| 113|0x000000008dd00000, 0x000000008dd00000, 0x000000008de00000|  0%| F|  |TAMS 0x000000008dd00000, 0x000000008dd00000| Untracked 
| 114|0x000000008de00000, 0x000000008def7f88, 0x000000008df00000| 96%| E|  |TAMS 0x000000008de00000, 0x000000008de00000| Complete 
| 115|0x000000008df00000, 0x000000008e000000, 0x000000008e000000|100%| E|CS|TAMS 0x000000008df00000, 0x000000008df00000| Complete 
| 116|0x000000008e000000, 0x000000008e100000, 0x000000008e100000|100%| E|CS|TAMS 0x000000008e000000, 0x000000008e000000| Complete 
| 117|0x000000008e100000, 0x000000008e200000, 0x000000008e200000|100%| E|CS|TAMS 0x000000008e100000, 0x000000008e100000| Complete 
| 118|0x000000008e200000, 0x000000008e300000, 0x000000008e300000|100%| E|CS|TAMS 0x000000008e200000, 0x000000008e200000| Complete 
| 119|0x000000008e300000, 0x000000008e400000, 0x000000008e400000|100%| E|CS|TAMS 0x000000008e300000, 0x000000008e300000| Complete 
| 120|0x000000008e400000, 0x000000008e500000, 0x000000008e500000|100%| E|CS|TAMS 0x000000008e400000, 0x000000008e400000| Complete 
| 121|0x000000008e500000, 0x000000008e600000, 0x000000008e600000|100%| E|CS|TAMS 0x000000008e500000, 0x000000008e500000| Complete 

Card table byte_map: [0x000002177adf0000,0x000002177b1c0000] _byte_map_base: 0x000002177a9ba000

Marking Bits (Prev, Next): (CMBitMap*) 0x0000021779ef7358, (CMBitMap*) 0x0000021779ef7390
 Prev Bits: [0x000002177b590000, 0x000002177d3e0000)
 Next Bits: [0x000002177d3e0000, 0x000002177f230000)

Polling page: 0x0000021778630000

Metaspace:

Usage:
  Non-class:     16.50 MB capacity,    16.29 MB ( 99%) used,   190.41 KB (  1%) free+waste,    30.25 KB ( <1%) overhead. 
      Class:      1.86 MB capacity,     1.75 MB ( 95%) used,    90.24 KB (  5%) free+waste,    12.69 KB ( <1%) overhead. 
       Both:     18.36 MB capacity,    18.04 MB ( 98%) used,   280.66 KB (  1%) free+waste,    42.94 KB ( <1%) overhead. 

Virtual space:
  Non-class space:       18.00 MB reserved,      16.75 MB ( 93%) committed 
      Class space:        1.00 GB reserved,       1.88 MB ( <1%) committed 
             Both:        1.02 GB reserved,      18.63 MB (  2%) committed 

Chunk freelists:
   Non-Class:  0 bytes
       Class:  2.50 KB
        Both:  2.50 KB

CodeHeap 'non-profiled nmethods': size=120000Kb used=536Kb max_used=536Kb free=119463Kb
 bounds [0x000002170fea0000, 0x0000021710110000, 0x00000217173d0000]
CodeHeap 'profiled nmethods': size=120000Kb used=2659Kb max_used=2659Kb free=117340Kb
 bounds [0x0000021708970000, 0x0000021708c10000, 0x000002170fea0000]
CodeHeap 'non-nmethods': size=5760Kb used=1217Kb max_used=1240Kb free=4542Kb
 bounds [0x00000217083d0000, 0x0000021708640000, 0x0000021708970000]
 total_blobs=1858 nmethods=1391 adapters=387
 compilation: enabled
              stopped_count=0, restarted_count=0
 full_count=0

Compilation events (10 events):
Event: 619.976 Thread 0x000002177fc7f800 1387       3       java.lang.ClassLoader::getResource (41 bytes)
Event: 619.977 Thread 0x000002177fc7f800 nmethod 1387 0x0000021708c06110 code [0x0000021708c06320, 0x0000021708c068f8]
Event: 640.009 Thread 0x000002177fc7f800 1388       1       jdk.internal.loader.URLClassPath$FileLoader$1::getURL (5 bytes)
Event: 640.010 Thread 0x000002177fc7f800 nmethod 1388 0x000002170ff25e10 code [0x000002170ff25fa0, 0x000002170ff26058]
Event: 775.235 Thread 0x000002177fc7f800 1389   !   3       java.lang.ref.ReferenceQueue::remove (125 bytes)
Event: 775.235 Thread 0x000002177fc7f800 nmethod 1389 0x0000021708c06b10 code [0x0000021708c06d40, 0x0000021708c07638]
Event: 788.152 Thread 0x000002177fc7f800 1390   !   3       jdk.internal.loader.URLClassPath$JarLoader::checkResource (78 bytes)
Event: 788.152 Thread 0x000002177fc7f800 nmethod 1390 0x0000021708c07990 code [0x0000021708c07be0, 0x0000021708c085a8]
Event: 788.161 Thread 0x000002177fc7f800 1391       3       java.lang.StringUTF16::putChar (54 bytes)
Event: 788.161 Thread 0x000002177fc7f800 nmethod 1391 0x0000021708c08a10 code [0x0000021708c08bc0, 0x0000021708c08d18]

GC Heap History (2 events):
Event: 4.377 GC heap before
{Heap before GC invocations=0 (full 0):
 garbage-first heap   total 124928K, used 23552K [0x0000000086c00000, 0x0000000100000000)
  region size 1024K, 24 young (24576K), 0 survivors (0K)
 Metaspace       used 15317K, capacity 15596K, committed 15744K, reserved 1062912K
  class space    used 1529K, capacity 1624K, committed 1664K, reserved 1048576K
}
Event: 4.382 GC heap after
{Heap after GC invocations=1 (full 0):
 garbage-first heap   total 124928K, used 4350K [0x0000000086c00000, 0x0000000100000000)
  region size 1024K, 3 young (3072K), 3 survivors (3072K)
 Metaspace       used 15317K, capacity 15596K, committed 15744K, reserved 1062912K
  class space    used 1529K, capacity 1624K, committed 1664K, reserved 1048576K
}

Deoptimization events (10 events):
Event: 4.486 Thread 0x0000021779eb7800 Uncommon trap: reason=class_check action=maybe_recompile pc=0x000002170fef0b54 method=java.util.regex.Pattern$BmpCharProperty.match(Ljava/util/regex/Matcher;ILjava/lang/CharSequence;)Z @ 19 c2
Event: 4.486 Thread 0x0000021779eb7800 Uncommon trap: reason=class_check action=maybe_recompile pc=0x000002170fef0b54 method=java.util.regex.Pattern$BmpCharProperty.match(Ljava/util/regex/Matcher;ILjava/lang/CharSequence;)Z @ 19 c2
Event: 4.487 Thread 0x0000021779eb7800 Uncommon trap: reason=class_check action=maybe_recompile pc=0x000002170ff09018 method=java.util.regex.Pattern$Start.match(Ljava/util/regex/Matcher;ILjava/lang/CharSequence;)Z @ 44 c2
Event: 4.487 Thread 0x0000021779eb7800 Uncommon trap: reason=bimorphic_or_optimized_type_check action=maybe_recompile pc=0x000002170fef0ed4 method=java.util.regex.Pattern$BmpCharProperty.match(Ljava/util/regex/Matcher;ILjava/lang/CharSequence;)Z @ 36 c2
Event: 4.487 Thread 0x0000021779eb7800 Uncommon trap: reason=class_check action=maybe_recompile pc=0x000002170fef0b54 method=java.util.regex.Pattern$BmpCharProperty.match(Ljava/util/regex/Matcher;ILjava/lang/CharSequence;)Z @ 19 c2
Event: 4.487 Thread 0x0000021779eb7800 Uncommon trap: reason=class_check action=maybe_recompile pc=0x000002170fef0b54 method=java.util.regex.Pattern$BmpCharProperty.match(Ljava/util/regex/Matcher;ILjava/lang/CharSequence;)Z @ 19 c2
Event: 4.487 Thread 0x0000021779eb7800 Uncommon trap: reason=class_check action=maybe_recompile pc=0x000002170ff09018 method=java.util.regex.Pattern$Start.match(Ljava/util/regex/Matcher;ILjava/lang/CharSequence;)Z @ 44 c2
Event: 4.487 Thread 0x0000021779eb7800 Uncommon trap: reason=class_check action=maybe_recompile pc=0x000002170ff09018 method=java.util.regex.Pattern$Start.match(Ljava/util/regex/Matcher;ILjava/lang/CharSequence;)Z @ 44 c2
Event: 788.003 Thread 0x0000021779eb7800 Uncommon trap: reason=bimorphic_or_optimized_type_check action=maybe_recompile pc=0x000002170ff24808 method=java.util.regex.Pattern$Start.match(Ljava/util/regex/Matcher;ILjava/lang/CharSequence;)Z @ 44 c2
Event: 788.003 Thread 0x0000021779eb7800 Uncommon trap: reason=class_check action=maybe_recompile pc=0x000002170ff1fe40 method=java.util.regex.Pattern$BmpCharProperty.match(Ljava/util/regex/Matcher;ILjava/lang/CharSequence;)Z @ 14 c2

Classes redefined (10 events):
Event: 12486.990 Thread 0x000002177fc3a000 redefined class name=com.company.JukeBox, count=36
Event: 12499.447 Thread 0x000002177fc3a000 redefined class name=com.company.JukeBox, count=37
Event: 12715.110 Thread 0x000002177fc3a000 redefined class name=com.company.JukeBox, count=38
Event: 12742.315 Thread 0x000002177fc3a000 redefined class name=com.company.JukeBox, count=39
Event: 12799.528 Thread 0x000002177fc3a000 redefined class name=com.company.JukeBox, count=40
Event: 12850.530 Thread 0x000002177fc3a000 redefined class name=com.company.JukeBox, count=41
Event: 13977.588 Thread 0x000002177fc3a000 redefined class name=com.company.JukeBoxPlayer, count=1
Event: 13977.600 Thread 0x000002177fc3a000 redefined class name=com.company.JukeBoxPlayer, count=2
Event: 14048.575 Thread 0x000002177fc3a000 redefined class name=com.company.JukeBoxPlayer, count=3
Event: 14048.584 Thread 0x000002177fc3a000 redefined class name=com.company.JukeBoxPlayer, count=4

Internal exceptions (9 events):
Event: 0.273 Thread 0x0000021779eb7800 Exception <a 'java/lang/NoSuchMethodError'{0x000000008e21e850}: java.lang.invoke.DirectMethodHandle$Holder.invokeSpecialIFC(Ljava/lang/Object;Ljava/lang/Object;I)I> (0x000000008e21e850) thrown at [./open/src/hotspot/share/interpreter/linkResolver.cpp, lin
Event: 4.001 Thread 0x0000021779eb7800 Exception <a 'java/lang/NoSuchMethodError'{0x000000008de07418}: java.lang.invoke.DirectMethodHandle$Holder.invokeVirtual(Ljava/lang/Object;Ljava/lang/Object;Ljava/lang/Object;)Ljava/lang/Object;> (0x000000008de07418) thrown at [./open/src/hotspot/share/in
Event: 4.147 Thread 0x0000021779eb7800 Exception <a 'java/lang/NoSuchMethodError'{0x000000008d6b9520}: java.lang.invoke.DirectMethodHandle$Holder.invokeStaticInit(Ljava/lang/Object;Ljava/lang/Object;)V> (0x000000008d6b9520) thrown at [./open/src/hotspot/share/interpreter/linkResolver.cpp, line
Event: 4.180 Thread 0x0000021779eb7800 Exception <a 'java/lang/NoSuchMethodError'{0x000000008d44f9d8}: java.lang.invoke.DirectMethodHandle$Holder.invokeStaticInit(Ljava/lang/Object;IIII)Ljava/lang/Object;> (0x000000008d44f9d8) thrown at [./open/src/hotspot/share/interpreter/linkResolver.cpp, l
Event: 4.182 Thread 0x0000021779eb7800 Exception <a 'sun/nio/fs/WindowsException'{0x000000008d459558}> (0x000000008d459558) thrown at [./open/src/hotspot/share/prims/jni.cpp, line 611]
Event: 4.192 Thread 0x0000021779eb7800 Exception <a 'java/lang/NoSuchMethodError'{0x000000008d4aa830}: java.lang.invoke.DirectMethodHandle$Holder.invokeStaticInit(Ljava/lang/Object;Ljava/lang/Object;Ljava/lang/Object;Ljava/lang/Object;)I> (0x000000008d4aa830) thrown at [./open/src/hotspot/shar
Event: 4.192 Thread 0x0000021779eb7800 Exception <a 'java/lang/IncompatibleClassChangeError'{0x000000008d4b36e8}: Found class java.lang.Object, but interface was expected> (0x000000008d4b36e8) thrown at [./open/src/hotspot/share/interpreter/linkResolver.cpp, line 838]
Event: 4.193 Thread 0x0000021779eb7800 Exception <a 'java/lang/NoSuchMethodError'{0x000000008d4b9a00}: java.lang.invoke.DirectMethodHandle$Holder.invokeStaticInit(Ljava/lang/Object;Ljava/lang/Object;)I> (0x000000008d4b9a00) thrown at [./open/src/hotspot/share/interpreter/linkResolver.cpp, line
Event: 4.303 Thread 0x0000021779eb7800 Exception <a 'java/lang/NoSuchMethodError'{0x000000008d199318}: java.lang.invoke.DirectMethodHandle$Holder.invokeStaticInit(Ljava/lang/Object;Ljava/lang/Object;IIII)Ljava/lang/Object;> (0x000000008d199318) thrown at [./open/src/hotspot/share/interpreter/l

Events (10 events):
Event: 14556.488 Executing VM operation: ChangeBreakpoints done
Event: 14556.488 Executing VM operation: ChangeBreakpoints
Event: 14556.488 Executing VM operation: ChangeBreakpoints done
Event: 14556.488 Executing VM operation: ChangeBreakpoints
Event: 14556.488 Executing VM operation: ChangeBreakpoints done
Event: 14556.496 Thread 0x0000021719e41800 Thread exited: 0x0000021719e41800
Event: 14556.500 loading class com/company/Song
Event: 14556.500 loading class com/company/Song done
Event: 14556.501 loading class com/company/Song
Event: 14556.501 loading class com/company/Song done


Dynamic libraries:
0x00007ff78cc00000 - 0x00007ff78cc0f000 	C:\Program Files\Java\jdk-11.0.11\bin\java.exe
0x00007ffd92390000 - 0x00007ffd92585000 	C:\WINDOWS\SYSTEM32\ntdll.dll
0x00007ffd91d10000 - 0x00007ffd91dce000 	C:\WINDOWS\System32\KERNEL32.DLL
0x00007ffd8fab0000 - 0x00007ffd8fd79000 	C:\WINDOWS\System32\KERNELBASE.dll
0x00007ffd8ff50000 - 0x00007ffd90050000 	C:\WINDOWS\System32\ucrtbase.dll
0x00007ffd88de0000 - 0x00007ffd88df5000 	C:\Program Files\Java\jdk-11.0.11\bin\VCRUNTIME140.dll
0x00007ffd8a060000 - 0x00007ffd8a078000 	C:\Program Files\Java\jdk-11.0.11\bin\jli.dll
0x00007ffd90ff0000 - 0x00007ffd9109c000 	C:\WINDOWS\System32\ADVAPI32.dll
0x00007ffd90ef0000 - 0x00007ffd90f8e000 	C:\WINDOWS\System32\msvcrt.dll
0x00007ffd91f00000 - 0x00007ffd91f9b000 	C:\WINDOWS\System32\sechost.dll
0x00007ffd91520000 - 0x00007ffd9164a000 	C:\WINDOWS\System32\RPCRT4.dll
0x00007ffd90c90000 - 0x00007ffd90e31000 	C:\WINDOWS\System32\USER32.dll
0x00007ffd8fe70000 - 0x00007ffd8fe92000 	C:\WINDOWS\System32\win32u.dll
0x00007ffd90e60000 - 0x00007ffd90e8b000 	C:\WINDOWS\System32\GDI32.dll
0x00007ffd78f60000 - 0x00007ffd791fa000 	C:\WINDOWS\WinSxS\amd64_microsoft.windows.common-controls_6595b64144ccf1df_6.0.19041.1110_none_60b5254171f9507e\COMCTL32.dll
0x00007ffd90050000 - 0x00007ffd9015b000 	C:\WINDOWS\System32\gdi32full.dll
0x00007ffd90340000 - 0x00007ffd903dd000 	C:\WINDOWS\System32\msvcp_win.dll
0x00007ffd82c30000 - 0x00007ffd82c3a000 	C:\WINDOWS\SYSTEM32\VERSION.dll
0x00007ffd91b30000 - 0x00007ffd91b60000 	C:\WINDOWS\System32\IMM32.DLL
0x00007ffd6f880000 - 0x00007ffd6f91b000 	C:\Program Files\Java\jdk-11.0.11\bin\msvcp140.dll
0x00007ffd21fe0000 - 0x00007ffd22ade000 	C:\Program Files\Java\jdk-11.0.11\bin\server\jvm.dll
0x00007ffd903e0000 - 0x00007ffd903e8000 	C:\WINDOWS\System32\PSAPI.DLL
0x00007ffd79200000 - 0x00007ffd79227000 	C:\WINDOWS\SYSTEM32\WINMM.dll
0x00007ffd89fe0000 - 0x00007ffd89fe9000 	C:\WINDOWS\SYSTEM32\WSOCK32.dll
0x00007ffd91760000 - 0x00007ffd917cb000 	C:\WINDOWS\System32\WS2_32.dll
0x00007ffd8d990000 - 0x00007ffd8d9a2000 	C:\WINDOWS\SYSTEM32\kernel.appcore.dll
0x00007ffd8a050000 - 0x00007ffd8a060000 	C:\Program Files\Java\jdk-11.0.11\bin\verify.dll
0x00007ffd82e10000 - 0x00007ffd82ff4000 	C:\WINDOWS\SYSTEM32\DBGHELP.DLL
0x00007ffd83070000 - 0x00007ffd8309c000 	C:\WINDOWS\SYSTEM32\dbgcore.DLL
0x00007ffd8fde0000 - 0x00007ffd8fe63000 	C:\WINDOWS\System32\bcryptPrimitives.dll
0x00007ffd85c10000 - 0x00007ffd85c38000 	C:\Program Files\Java\jdk-11.0.11\bin\java.dll
0x00007ffd88da0000 - 0x00007ffd88daa000 	C:\Program Files\Java\jdk-11.0.11\bin\jimage.dll
0x00007ffd6f9c0000 - 0x00007ffd6f9f8000 	C:\Program Files\Java\jdk-11.0.11\bin\jdwp.dll
0x00007ffd83020000 - 0x00007ffd8302e000 	C:\Program Files\Java\jdk-11.0.11\bin\instrument.dll
0x00007ffd7eec0000 - 0x00007ffd7eed6000 	C:\Program Files\Java\jdk-11.0.11\bin\zip.dll
0x00007ffd904d0000 - 0x00007ffd90c0f000 	C:\WINDOWS\System32\SHELL32.dll
0x00007ffd8dbb0000 - 0x00007ffd8e340000 	C:\WINDOWS\SYSTEM32\windows.storage.dll
0x00007ffd917d0000 - 0x00007ffd91b25000 	C:\WINDOWS\System32\combase.dll
0x00007ffd8f500000 - 0x00007ffd8f52c000 	C:\WINDOWS\SYSTEM32\Wldp.dll
0x00007ffd922a0000 - 0x00007ffd9234e000 	C:\WINDOWS\System32\SHCORE.dll
0x00007ffd90e90000 - 0x00007ffd90ee5000 	C:\WINDOWS\System32\shlwapi.dll
0x00007ffd8f9f0000 - 0x00007ffd8fa0f000 	C:\WINDOWS\SYSTEM32\profapi.dll
0x00007ffd83000000 - 0x00007ffd8300a000 	C:\Program Files\Java\jdk-11.0.11\bin\dt_socket.dll
0x00007ffd8f1f0000 - 0x00007ffd8f25a000 	C:\WINDOWS\system32\mswsock.dll
0x00007ffd77e60000 - 0x00007ffd77e79000 	C:\Program Files\Java\jdk-11.0.11\bin\net.dll
0x00007ffd8ab20000 - 0x00007ffd8ac28000 	C:\WINDOWS\SYSTEM32\WINHTTP.dll
0x00007ffd6f860000 - 0x00007ffd6f872000 	C:\Program Files\Java\jdk-11.0.11\bin\nio.dll
0x00007ffd8ef20000 - 0x00007ffd8efec000 	C:\WINDOWS\SYSTEM32\DNSAPI.dll
0x00007ffd8eee0000 - 0x00007ffd8ef1b000 	C:\WINDOWS\SYSTEM32\IPHLPAPI.DLL
0x00007ffd91dd0000 - 0x00007ffd91dd8000 	C:\WINDOWS\System32\NSI.dll
0x00007ffd877c0000 - 0x00007ffd877ca000 	C:\Windows\System32\rasadhlp.dll
0x00007ffd832c0000 - 0x00007ffd8333f000 	C:\WINDOWS\System32\fwpuclnt.dll
0x00007ffd90160000 - 0x00007ffd90187000 	C:\WINDOWS\System32\bcrypt.dll
0x00007ffd5d110000 - 0x00007ffd5d135000 	C:\Program Files\Java\jdk-11.0.11\bin\sunec.dll
0x00007ffd8f3e0000 - 0x00007ffd8f3f8000 	C:\WINDOWS\SYSTEM32\CRYPTSP.dll
0x00007ffd8eb70000 - 0x00007ffd8eba4000 	C:\WINDOWS\system32\rsaenh.dll
0x00007ffd8f970000 - 0x00007ffd8f99e000 	C:\WINDOWS\SYSTEM32\USERENV.dll
0x00007ffd8f400000 - 0x00007ffd8f40c000 	C:\WINDOWS\SYSTEM32\CRYPTBASE.dll
0x00007ffd87860000 - 0x00007ffd87877000 	C:\WINDOWS\SYSTEM32\dhcpcsvc6.DLL
0x00007ffd87a80000 - 0x00007ffd87a9d000 	C:\WINDOWS\SYSTEM32\dhcpcsvc.DLL
0x00007ffd77e30000 - 0x00007ffd77e3d000 	C:\Program Files\Java\jdk-11.0.11\bin\sunmscapi.dll
0x00007ffd90190000 - 0x00007ffd902e6000 	C:\WINDOWS\System32\CRYPT32.dll
0x00007ffd8f570000 - 0x00007ffd8f597000 	C:\WINDOWS\SYSTEM32\ncrypt.dll
0x00007ffd8f530000 - 0x00007ffd8f56b000 	C:\WINDOWS\SYSTEM32\NTASN1.dll

dbghelp: loaded successfully - version: 4.0.5 - missing functions: none
symbol engine: initialized successfully - sym options: 0x614 - pdb path: .;C:\Program Files\Java\jdk-11.0.11\bin;C:\WINDOWS\SYSTEM32;C:\WINDOWS\WinSxS\amd64_microsoft.windows.common-controls_6595b64144ccf1df_6.0.19041.1110_none_60b5254171f9507e;C:\Program Files\Java\jdk-11.0.11\bin\server

VM Arguments:
jvm_args: -agentlib:jdwp=transport=dt_socket,address=127.0.0.1:64990,suspend=y,server=n -javaagent:C:\Users\Sofia\AppData\Local\JetBrains\IdeaIC2021.2\captureAgent\debugger-agent.jar -Dfile.encoding=UTF-8 
java_command: com.company.JukeBox
java_class_path (initial): D:\Sofia\PGPSE\Final_Java_Project\jukebox\out\production\jukebox;C:\Users\Sofia\.m2\repository\junit\junit\4.13.1\junit-4.13.1.jar;C:\Users\Sofia\.m2\repository\org\hamcrest\hamcrest-core\1.3\hamcrest-core-1.3.jar;C:\Users\Sofia\.m2\repository\org\junit\jupiter\junit-jupiter\5.7.0\junit-jupiter-5.7.0.jar;C:\Users\Sofia\.m2\repository\org\junit\jupiter\junit-jupiter-api\5.7.0\junit-jupiter-api-5.7.0.jar;C:\Users\Sofia\.m2\repository\org\apiguardian\apiguardian-api\1.1.0\apiguardian-api-1.1.0.jar;C:\Users\Sofia\.m2\repository\org\opentest4j\opentest4j\1.2.0\opentest4j-1.2.0.jar;C:\Users\Sofia\.m2\repository\org\junit\platform\junit-platform-commons\1.7.0\junit-platform-commons-1.7.0.jar;C:\Users\Sofia\.m2\repository\org\junit\jupiter\junit-jupiter-params\5.7.0\junit-jupiter-params-5.7.0.jar;C:\Users\Sofia\.m2\repository\org\junit\jupiter\junit-jupiter-engine\5.7.0\junit-jupiter-engine-5.7.0.jar;C:\Users\Sofia\.m2\repository\org\junit\platform\junit-platform-engine\1.7.0\junit-platform-engine-1.7.0.jar;D:\Sofia\PGPSE\Final_Java_Project\jukebox\mysql-connector-java-8.0.26.jar;C:\Program Files\JetBrains\IntelliJ IDEA Community Edition 2020.3.3\lib\idea_rt.jar
Launcher Type: SUN_STANDARD

[Global flags]
     intx CICompilerCount                          = 4                                         {product} {ergonomic}
     uint ConcGCThreads                            = 2                                         {product} {ergonomic}
     uint G1ConcRefinementThreads                  = 8                                         {product} {ergonomic}
   size_t G1HeapRegionSize                         = 1048576                                   {product} {ergonomic}
    uintx GCDrainStackTargetSize                   = 64                                        {product} {ergonomic}
   size_t InitialHeapSize                          = 127926272                                 {product} {ergonomic}
   size_t MarkStackSize                            = 4194304                                   {product} {ergonomic}
   size_t MaxHeapSize                              = 2034237440                                {product} {ergonomic}
   size_t MaxNewSize                               = 1220542464                                {product} {ergonomic}
   size_t MinHeapDeltaBytes                        = 1048576                                   {product} {ergonomic}
    uintx NonNMethodCodeHeapSize                   = 5836300                                {pd product} {ergonomic}
    uintx NonProfiledCodeHeapSize                  = 122910970                              {pd product} {ergonomic}
    uintx ProfiledCodeHeapSize                     = 122910970                              {pd product} {ergonomic}
    uintx ReservedCodeCacheSize                    = 251658240                              {pd product} {ergonomic}
     bool SegmentedCodeCache                       = true                                      {product} {ergonomic}
     bool UseCompressedClassPointers               = true                                 {lp64_product} {ergonomic}
     bool UseCompressedOops                        = true                                 {lp64_product} {ergonomic}
     bool UseG1GC                                  = true                                      {product} {ergonomic}
     bool UseLargePagesIndividualAllocation        = false                                  {pd product} {ergonomic}

Logging:
Log output configuration:
 #0: stdout all=warning uptime,level,tags
 #1: stderr all=off uptime,level,tags

Environment Variables:
PATH=C:\Python39\Scripts\;C:\Python39\;C:\Program Files\Common Files\Oracle\Java\javapath;C:\WINDOWS\system32;C:\WINDOWS;C:\WINDOWS\System32\Wbem;C:\WINDOWS\System32\WindowsPowerShell\v1.0\;C:\WINDOWS\System32\OpenSSH\;C:\Program Files\Git\cmd;C:\Program Files\dotnet\;C:\Program Files\Microsoft SQL Server\130\Tools\Binn\;C:\Program Files\Microsoft SQL Server\Client SDK\ODBC\170\Tools\Binn\;C:\Program Files (x86)\dotnet\;C:\ProgramData\chocolatey\bin;C:\Program Files\nodejs\;C:\Program Files\MySQL\MySQL Shell 8.0\bin\;C:\Users\Sofia\AppData\Local\Microsoft\WindowsApps;C:\Users\Sofia\.dotnet\tools;C:\Users\Sofia\AppData\Local\Programs\Microsoft VS Code\bin;C:\Users\Sofia\AppData\Roaming\npm
USERNAME=Sofia
OS=Windows_NT
PROCESSOR_IDENTIFIER=Intel64 Family 6 Model 142 Stepping 12, GenuineIntel



---------------  S Y S T E M  ---------------

OS: Windows 10 , 64 bit Build 19041 (10.0.19041.1202)

CPU:total 8 (initial active 8) (4 cores per cpu, 2 threads per core) family 6 model 142 stepping 12 microcode 0xea, cmov, cx8, fxsr, mmx, sse, sse2, sse3, ssse3, sse4.1, sse4.2, popcnt, avx, avx2, aes, clmul, erms, 3dnowpref, lzcnt, ht, tsc, tscinvbit, bmi1, bmi2, adx, fma

Memory: 4k page, system-wide physical 7753M (1477M free)
TotalPageFile size 15332M (AvailPageFile size 2456M)
current process WorkingSet (physical memory assigned to process): 44M, peak: 91M
current process commit charge ("private bytes"): 220M, peak: 225M

vm_info: Java HotSpot(TM) 64-Bit Server VM (11.0.11+9-LTS-194) for windows-amd64 JRE (11.0.11+9-LTS-194), built on Mar 18 2021 18:46:53 by "mach5one" with MS VC++ 15.9 (VS2017)

END.
